<?xml version="1.0" encoding="UTF-8"?>
<coverage generated="1633255187113" clover="3.2.0">
  <project timestamp="1633255187113" name="All files">
    <metrics statements="48" coveredstatements="43" conditionals="17" coveredconditionals="16" methods="17" coveredmethods="15" elements="82" coveredelements="74" complexity="0" loc="48" ncloc="48" packages="5" files="5" classes="5"/>
    <package name="src">
      <metrics statements="4" coveredstatements="0" conditionals="0" coveredconditionals="0" methods="0" coveredmethods="0"/>
      <file name="index.js" path="/Users/Study_Account/Documents/GitHub/TDD_REACT_AND_SPRING/frontend/src/index.js">
        <metrics statements="4" coveredstatements="0" conditionals="0" coveredconditionals="0" methods="0" coveredmethods="0"/>
        <line num="14" count="0" type="stmt"/>
        <line num="23" count="0" type="stmt"/>
        <line num="25" count="0" type="stmt"/>
        <line num="37" count="0" type="stmt"/>
      </file>
    </package>
    <package name="src.components">
      <metrics statements="9" coveredstatements="9" conditionals="2" coveredconditionals="2" methods="3" coveredmethods="3"/>
      <file name="TopBar.js" path="/Users/Study_Account/Documents/GitHub/TDD_REACT_AND_SPRING/frontend/src/components/TopBar.js">
        <metrics statements="9" coveredstatements="9" conditionals="2" coveredconditionals="2" methods="3" coveredmethods="3"/>
        <line num="7" count="20" type="stmt"/>
        <line num="8" count="1" type="stmt"/>
        <line num="11" count="1" type="stmt"/>
        <line num="16" count="22" type="stmt"/>
        <line num="30" count="22" type="cond" truecount="2" falsecount="0"/>
        <line num="31" count="4" type="stmt"/>
        <line num="49" count="22" type="stmt"/>
        <line num="64" count="2" type="stmt"/>
        <line num="65" count="22" type="stmt"/>
      </file>
    </package>
    <package name="src.containers">
      <metrics statements="4" coveredstatements="4" conditionals="0" coveredconditionals="0" methods="3" coveredmethods="3"/>
      <file name="App.js" path="/Users/Study_Account/Documents/GitHub/TDD_REACT_AND_SPRING/frontend/src/containers/App.js">
        <metrics statements="4" coveredstatements="4" conditionals="0" coveredconditionals="0" methods="3" coveredmethods="3"/>
        <line num="11" count="1" type="stmt"/>
        <line num="17" count="13" type="stmt"/>
        <line num="25" count="6" type="stmt"/>
        <line num="30" count="3" type="stmt"/>
      </file>
    </package>
    <package name="src.pages">
      <metrics statements="25" coveredstatements="24" conditionals="10" coveredconditionals="9" methods="10" coveredmethods="8"/>
      <file name="LoginPage.js" path="/Users/Study_Account/Documents/GitHub/TDD_REACT_AND_SPRING/frontend/src/pages/LoginPage.js">
        <metrics statements="25" coveredstatements="24" conditionals="10" coveredconditionals="9" methods="10" coveredmethods="8"/>
        <line num="7" count="27" type="stmt"/>
        <line num="14" count="27" type="stmt"/>
        <line num="15" count="19" type="stmt"/>
        <line num="17" count="19" type="stmt"/>
        <line num="23" count="27" type="stmt"/>
        <line num="24" count="17" type="stmt"/>
        <line num="25" count="17" type="stmt"/>
        <line num="31" count="27" type="stmt"/>
        <line num="34" count="12" type="stmt"/>
        <line num="38" count="12" type="stmt"/>
        <line num="39" count="12" type="stmt"/>
        <line num="42" count="9" type="stmt"/>
        <line num="53" count="9" type="stmt"/>
        <line num="54" count="9" type="stmt"/>
        <line num="55" count="9" type="stmt"/>
        <line num="60" count="3" type="cond" truecount="1" falsecount="1"/>
        <line num="61" count="3" type="stmt"/>
        <line num="70" count="87" type="stmt"/>
        <line num="71" count="87" type="cond" truecount="2" falsecount="0"/>
        <line num="72" count="28" type="stmt"/>
        <line num="74" count="87" type="cond" truecount="2" falsecount="0"/>
        <line num="75" count="45" type="stmt"/>
        <line num="78" count="87" type="stmt"/>
        <line num="116" count="2" type="stmt"/>
        <line num="118" count="0" type="stmt"/>
      </file>
    </package>
    <package name="src.redux">
      <metrics statements="6" coveredstatements="6" conditionals="5" coveredconditionals="5" methods="1" coveredmethods="1"/>
      <file name="authReducer.js" path="/Users/Study_Account/Documents/GitHub/TDD_REACT_AND_SPRING/frontend/src/redux/authReducer.js">
        <metrics statements="6" coveredstatements="6" conditionals="5" coveredconditionals="5" methods="1" coveredmethods="1"/>
        <line num="1" count="2" type="stmt"/>
        <line num="11" count="22" type="cond" truecount="2" falsecount="0"/>
        <line num="12" count="1" type="stmt"/>
        <line num="15" count="21" type="cond" truecount="2" falsecount="0"/>
        <line num="16" count="1" type="stmt"/>
        <line num="22" count="20" type="stmt"/>
      </file>
    </package>
  </project>
</coverage>
