{"/Users/Study_Account/Documents/GitHub/TDD_REACT_AND_SPRING/frontend/src/index.js": {"path":"/Users/Study_Account/Documents/GitHub/TDD_REACT_AND_SPRING/frontend/src/index.js","statementMap":{"0":{"start":{"line":14,"column":22},"end":{"line":21,"column":1}},"1":{"start":{"line":23,"column":14},"end":{"line":23,"column":78}},"2":{"start":{"line":25,"column":0},"end":{"line":32,"column":2}},"3":{"start":{"line":37,"column":0},"end":{"line":37,"column":18}}},"fnMap":{},"branchMap":{},"s":{"0":0,"1":0,"2":0,"3":0},"f":{},"b":{}}
,"/Users/Study_Account/Documents/GitHub/TDD_REACT_AND_SPRING/frontend/src/components/TopBar.js": {"path":"/Users/Study_Account/Documents/GitHub/TDD_REACT_AND_SPRING/frontend/src/components/TopBar.js","statementMap":{"0":{"start":{"line":7,"column":18},"end":{"line":12,"column":3}},"1":{"start":{"line":8,"column":19},"end":{"line":10,"column":5}},"2":{"start":{"line":11,"column":4},"end":{"line":11,"column":32}},"3":{"start":{"line":16,"column":6},"end":{"line":27,"column":11}},"4":{"start":{"line":30,"column":4},"end":{"line":47,"column":5}},"5":{"start":{"line":31,"column":6},"end":{"line":46,"column":8}},"6":{"start":{"line":49,"column":4},"end":{"line":60,"column":6}},"7":{"start":{"line":64,"column":24},"end":{"line":68,"column":1}},"8":{"start":{"line":65,"column":2},"end":{"line":67,"column":4}}},"fnMap":{"0":{"name":"(anonymous_0)","decl":{"start":{"line":7,"column":18},"end":{"line":7,"column":19}},"loc":{"start":{"line":7,"column":24},"end":{"line":12,"column":3}},"line":7},"1":{"name":"(anonymous_1)","decl":{"start":{"line":14,"column":2},"end":{"line":14,"column":3}},"loc":{"start":{"line":14,"column":11},"end":{"line":61,"column":3}},"line":14},"2":{"name":"(anonymous_2)","decl":{"start":{"line":64,"column":24},"end":{"line":64,"column":25}},"loc":{"start":{"line":64,"column":35},"end":{"line":68,"column":1}},"line":64}},"branchMap":{"0":{"loc":{"start":{"line":30,"column":4},"end":{"line":47,"column":5}},"type":"if","locations":[{"start":{"line":30,"column":4},"end":{"line":47,"column":5}},{"start":{"line":30,"column":4},"end":{"line":47,"column":5}}],"line":30}},"s":{"0":20,"1":1,"2":1,"3":22,"4":22,"5":4,"6":22,"7":2,"8":22},"f":{"0":1,"1":22,"2":22},"b":{"0":[4,18]},"_coverageSchema":"1a1c01bbd47fc00a2c39e90264f33305004495a9","hash":"544bd6f58e3ff00bb361e976943c651d5305ce63"}
,"/Users/Study_Account/Documents/GitHub/TDD_REACT_AND_SPRING/frontend/src/containers/App.js": {"path":"/Users/Study_Account/Documents/GitHub/TDD_REACT_AND_SPRING/frontend/src/containers/App.js","statementMap":{"0":{"start":{"line":11,"column":16},"end":{"line":14,"column":1}},"1":{"start":{"line":17,"column":2},"end":{"line":37,"column":4}},"2":{"start":{"line":25,"column":34},"end":{"line":25,"column":76}},"3":{"start":{"line":30,"column":14},"end":{"line":30,"column":61}}},"fnMap":{"0":{"name":"App","decl":{"start":{"line":16,"column":9},"end":{"line":16,"column":12}},"loc":{"start":{"line":16,"column":15},"end":{"line":38,"column":1}},"line":16},"1":{"name":"(anonymous_1)","decl":{"start":{"line":25,"column":23},"end":{"line":25,"column":24}},"loc":{"start":{"line":25,"column":34},"end":{"line":25,"column":76}},"line":25},"2":{"name":"(anonymous_2)","decl":{"start":{"line":29,"column":23},"end":{"line":29,"column":24}},"loc":{"start":{"line":30,"column":14},"end":{"line":30,"column":61}},"line":30}},"branchMap":{},"s":{"0":1,"1":13,"2":6,"3":3},"f":{"0":13,"1":6,"2":3},"b":{},"_coverageSchema":"1a1c01bbd47fc00a2c39e90264f33305004495a9","hash":"b8c814222d045ad9df22d98599afc421cee4359d"}
,"/Users/Study_Account/Documents/GitHub/TDD_REACT_AND_SPRING/frontend/src/pages/LoginPage.js": {"path":"/Users/Study_Account/Documents/GitHub/TDD_REACT_AND_SPRING/frontend/src/pages/LoginPage.js","statementMap":{"0":{"start":{"line":7,"column":10},"end":{"line":12,"column":3}},"1":{"start":{"line":14,"column":21},"end":{"line":21,"column":3}},"2":{"start":{"line":15,"column":18},"end":{"line":15,"column":36}},"3":{"start":{"line":17,"column":4},"end":{"line":20,"column":7}},"4":{"start":{"line":23,"column":21},"end":{"line":29,"column":3}},"5":{"start":{"line":24,"column":18},"end":{"line":24,"column":36}},"6":{"start":{"line":25,"column":4},"end":{"line":28,"column":7}},"7":{"start":{"line":31,"column":17},"end":{"line":67,"column":3}},"8":{"start":{"line":34,"column":17},"end":{"line":37,"column":5}},"9":{"start":{"line":38,"column":4},"end":{"line":38,"column":44}},"10":{"start":{"line":39,"column":4},"end":{"line":66,"column":9}},"11":{"start":{"line":42,"column":23},"end":{"line":52,"column":9}},"12":{"start":{"line":53,"column":8},"end":{"line":53,"column":36}},"13":{"start":{"line":54,"column":8},"end":{"line":56,"column":11}},"14":{"start":{"line":55,"column":10},"end":{"line":55,"column":39}},"15":{"start":{"line":60,"column":8},"end":{"line":65,"column":9}},"16":{"start":{"line":61,"column":10},"end":{"line":64,"column":13}},"17":{"start":{"line":70,"column":24},"end":{"line":70,"column":29}},"18":{"start":{"line":71,"column":4},"end":{"line":73,"column":5}},"19":{"start":{"line":72,"column":6},"end":{"line":72,"column":27}},"20":{"start":{"line":74,"column":4},"end":{"line":76,"column":5}},"21":{"start":{"line":75,"column":6},"end":{"line":75,"column":27}},"22":{"start":{"line":78,"column":4},"end":{"line":112,"column":6}},"23":{"start":{"line":116,"column":0},"end":{"line":121,"column":2}},"24":{"start":{"line":118,"column":21},"end":{"line":118,"column":66}},"25":{"start":{"line":118,"column":54},"end":{"line":118,"column":65}}},"fnMap":{"0":{"name":"(anonymous_0)","decl":{"start":{"line":14,"column":21},"end":{"line":14,"column":22}},"loc":{"start":{"line":14,"column":32},"end":{"line":21,"column":3}},"line":14},"1":{"name":"(anonymous_1)","decl":{"start":{"line":23,"column":21},"end":{"line":23,"column":22}},"loc":{"start":{"line":23,"column":32},"end":{"line":29,"column":3}},"line":23},"2":{"name":"(anonymous_2)","decl":{"start":{"line":31,"column":17},"end":{"line":31,"column":18}},"loc":{"start":{"line":31,"column":23},"end":{"line":67,"column":3}},"line":31},"3":{"name":"(anonymous_3)","decl":{"start":{"line":41,"column":12},"end":{"line":41,"column":13}},"loc":{"start":{"line":41,"column":26},"end":{"line":57,"column":7}},"line":41},"4":{"name":"(anonymous_4)","decl":{"start":{"line":54,"column":49},"end":{"line":54,"column":50}},"loc":{"start":{"line":54,"column":55},"end":{"line":56,"column":9}},"line":54},"5":{"name":"(anonymous_5)","decl":{"start":{"line":58,"column":13},"end":{"line":58,"column":14}},"loc":{"start":{"line":58,"column":22},"end":{"line":66,"column":7}},"line":58},"6":{"name":"(anonymous_6)","decl":{"start":{"line":69,"column":2},"end":{"line":69,"column":3}},"loc":{"start":{"line":69,"column":11},"end":{"line":113,"column":3}},"line":69},"7":{"name":"(anonymous_7)","decl":{"start":{"line":118,"column":15},"end":{"line":118,"column":16}},"loc":{"start":{"line":118,"column":21},"end":{"line":118,"column":66}},"line":118},"8":{"name":"(anonymous_8)","decl":{"start":{"line":118,"column":33},"end":{"line":118,"column":34}},"loc":{"start":{"line":118,"column":54},"end":{"line":118,"column":65}},"line":118},"9":{"name":"(anonymous_9)","decl":{"start":{"line":120,"column":12},"end":{"line":120,"column":13}},"loc":{"start":{"line":120,"column":18},"end":{"line":120,"column":20}},"line":120}},"branchMap":{"0":{"loc":{"start":{"line":60,"column":8},"end":{"line":65,"column":9}},"type":"if","locations":[{"start":{"line":60,"column":8},"end":{"line":65,"column":9}},{"start":{"line":60,"column":8},"end":{"line":65,"column":9}}],"line":60},"1":{"loc":{"start":{"line":71,"column":4},"end":{"line":73,"column":5}},"type":"if","locations":[{"start":{"line":71,"column":4},"end":{"line":73,"column":5}},{"start":{"line":71,"column":4},"end":{"line":73,"column":5}}],"line":71},"2":{"loc":{"start":{"line":74,"column":4},"end":{"line":76,"column":5}},"type":"if","locations":[{"start":{"line":74,"column":4},"end":{"line":76,"column":5}},{"start":{"line":74,"column":4},"end":{"line":76,"column":5}}],"line":74},"3":{"loc":{"start":{"line":98,"column":9},"end":{"line":102,"column":9}},"type":"binary-expr","locations":[{"start":{"line":98,"column":9},"end":{"line":98,"column":28}},{"start":{"line":99,"column":10},"end":{"line":101,"column":16}}],"line":98},"4":{"loc":{"start":{"line":106,"column":22},"end":{"line":106,"column":64}},"type":"binary-expr","locations":[{"start":{"line":106,"column":22},"end":{"line":106,"column":35}},{"start":{"line":106,"column":39},"end":{"line":106,"column":64}}],"line":106}},"s":{"0":27,"1":27,"2":19,"3":19,"4":27,"5":17,"6":17,"7":27,"8":12,"9":12,"10":12,"11":9,"12":9,"13":9,"14":9,"15":3,"16":3,"17":87,"18":87,"19":28,"20":87,"21":45,"22":87,"23":2,"24":0,"25":0},"f":{"0":19,"1":17,"2":12,"3":9,"4":9,"5":3,"6":87,"7":0,"8":0,"9":8},"b":{"0":[3,0],"1":[28,59],"2":[45,42],"3":[87,3],"4":[87,41]},"_coverageSchema":"1a1c01bbd47fc00a2c39e90264f33305004495a9","hash":"de939d8eacbb7dba172010d55d775e30901529d7"}
,"/Users/Study_Account/Documents/GitHub/TDD_REACT_AND_SPRING/frontend/src/redux/authReducer.js": {"path":"/Users/Study_Account/Documents/GitHub/TDD_REACT_AND_SPRING/frontend/src/redux/authReducer.js","statementMap":{"0":{"start":{"line":1,"column":21},"end":{"line":8,"column":1}},"1":{"start":{"line":11,"column":2},"end":{"line":20,"column":3}},"2":{"start":{"line":12,"column":4},"end":{"line":14,"column":6}},"3":{"start":{"line":15,"column":9},"end":{"line":20,"column":3}},"4":{"start":{"line":16,"column":4},"end":{"line":19,"column":6}},"5":{"start":{"line":22,"column":2},"end":{"line":22,"column":15}}},"fnMap":{"0":{"name":"authReducer","decl":{"start":{"line":10,"column":24},"end":{"line":10,"column":35}},"loc":{"start":{"line":10,"column":66},"end":{"line":23,"column":1}},"line":10}},"branchMap":{"0":{"loc":{"start":{"line":10,"column":36},"end":{"line":10,"column":56}},"type":"default-arg","locations":[{"start":{"line":10,"column":44},"end":{"line":10,"column":56}}],"line":10},"1":{"loc":{"start":{"line":11,"column":2},"end":{"line":20,"column":3}},"type":"if","locations":[{"start":{"line":11,"column":2},"end":{"line":20,"column":3}},{"start":{"line":11,"column":2},"end":{"line":20,"column":3}}],"line":11},"2":{"loc":{"start":{"line":15,"column":9},"end":{"line":20,"column":3}},"type":"if","locations":[{"start":{"line":15,"column":9},"end":{"line":20,"column":3}},{"start":{"line":15,"column":9},"end":{"line":20,"column":3}}],"line":15}},"s":{"0":2,"1":22,"2":1,"3":21,"4":1,"5":20},"f":{"0":22},"b":{"0":[13],"1":[1,21],"2":[1,20]},"_coverageSchema":"1a1c01bbd47fc00a2c39e90264f33305004495a9","hash":"695f65ab4ae100b019cafa665488fbac90faff71"}
}
