TN:
SF:src/index.js
FNF:0
FNH:0
DA:14,0
DA:23,0
DA:25,0
DA:37,0
LF:4
LH:0
BRF:0
BRH:0
end_of_record
TN:
SF:src/components/TopBar.js
FN:7,(anonymous_0)
FN:14,(anonymous_1)
FN:64,(anonymous_2)
FNF:3
FNH:3
FNDA:1,(anonymous_0)
FNDA:22,(anonymous_1)
FNDA:22,(anonymous_2)
DA:7,20
DA:8,1
DA:11,1
DA:16,22
DA:30,22
DA:31,4
DA:49,22
DA:64,2
DA:65,22
LF:9
LH:9
BRDA:30,0,0,4
BRDA:30,0,1,18
BRF:2
BRH:2
end_of_record
TN:
SF:src/containers/App.js
FN:16,App
FN:25,(anonymous_1)
FN:29,(anonymous_2)
FNF:3
FNH:3
FNDA:13,App
FNDA:6,(anonymous_1)
FNDA:3,(anonymous_2)
DA:11,1
DA:17,13
DA:25,6
DA:30,3
LF:4
LH:4
BRF:0
BRH:0
end_of_record
TN:
SF:src/pages/LoginPage.js
FN:14,(anonymous_0)
FN:23,(anonymous_1)
FN:31,(anonymous_2)
FN:41,(anonymous_3)
FN:54,(anonymous_4)
FN:58,(anonymous_5)
FN:69,(anonymous_6)
FN:118,(anonymous_7)
FN:118,(anonymous_8)
FN:120,(anonymous_9)
FNF:10
FNH:8
FNDA:19,(anonymous_0)
FNDA:17,(anonymous_1)
FNDA:12,(anonymous_2)
FNDA:9,(anonymous_3)
FNDA:9,(anonymous_4)
FNDA:3,(anonymous_5)
FNDA:87,(anonymous_6)
FNDA:0,(anonymous_7)
FNDA:0,(anonymous_8)
FNDA:8,(anonymous_9)
DA:7,27
DA:14,27
DA:15,19
DA:17,19
DA:23,27
DA:24,17
DA:25,17
DA:31,27
DA:34,12
DA:38,12
DA:39,12
DA:42,9
DA:53,9
DA:54,9
DA:55,9
DA:60,3
DA:61,3
DA:70,87
DA:71,87
DA:72,28
DA:74,87
DA:75,45
DA:78,87
DA:116,2
DA:118,0
LF:25
LH:24
BRDA:60,0,0,3
BRDA:60,0,1,0
BRDA:71,1,0,28
BRDA:71,1,1,59
BRDA:74,2,0,45
BRDA:74,2,1,42
BRDA:98,3,0,87
BRDA:98,3,1,3
BRDA:106,4,0,87
BRDA:106,4,1,41
BRF:10
BRH:9
end_of_record
TN:
SF:src/redux/authReducer.js
FN:10,authReducer
FNF:1
FNH:1
FNDA:22,authReducer
DA:1,2
DA:11,22
DA:12,1
DA:15,21
DA:16,1
DA:22,20
LF:6
LH:6
BRDA:10,0,0,13
BRDA:11,1,0,1
BRDA:11,1,1,21
BRDA:15,2,0,1
BRDA:15,2,1,20
BRF:5
BRH:5
end_of_record
